# JRE version: OpenJDK Runtime Environment (8.0_212) (build 1.8.0_212-release-1586-b4-5784211)
# Java VM: OpenJDK 64-Bit Server VM (25.212-b4-5784211 mixed mode linux-amd64 compressed oops)
Heap:
 PSYoungGen      total 370176K, used 7161K [0x00000000e0000000, 0x00000000fe780000, 0x0000000100000000)
  eden space 239616K, 0% used [0x00000000e0000000,0x00000000e0000000,0x00000000eea00000)
  from space 130560K, 5% used [0x00000000f6800000,0x00000000f6efe570,0x00000000fe780000)
  to   space 129024K, 0% used [0x00000000eea00000,0x00000000eea00000,0x00000000f6800000)
 ParOldGen       total 688640K, used 665577K [0x00000000a0000000, 0x00000000ca080000, 0x00000000e0000000)
  object space 688640K, 96% used [0x00000000a0000000,0x00000000c89fa428,0x00000000ca080000)
 Metaspace       used 197262K, capacity 205660K, committed 205912K, reserved 1228800K
  class space    used 24219K, capacity 25871K, committed 25984K, reserved 1048576K
GC Heap History (10 events):
Event: 9294.665 GC heap after
Heap after GC invocations=91 (full 9):
 PSYoungGen      total 351232K, used 5089K [0x00000000e0000000, 0x00000000ff800000, 0x0000000100000000)
  eden space 189952K, 0% used [0x00000000e0000000,0x00000000e0000000,0x00000000eb980000)
  from space 161280K, 3% used [0x00000000f5200000,0x00000000f56f85e0,0x00000000fef80000)
  to   space 156160K, 0% used [0x00000000eb980000,0x00000000eb980000,0x00000000f5200000)
 ParOldGen       total 688640K, used 619617K [0x00000000a0000000, 0x00000000ca080000, 0x00000000e0000000)
  object space 688640K, 89% used [0x00000000a0000000,0x00000000c5d18618,0x00000000ca080000)
 Metaspace       used 197215K, capacity 205636K, committed 205912K, reserved 1228800K
  class space    used 24213K, capacity 25867K, committed 25984K, reserved 1048576K
}
Event: 9297.062 GC heap before
{Heap before GC invocations=92 (full 9):
 PSYoungGen      total 351232K, used 195041K [0x00000000e0000000, 0x00000000ff800000, 0x0000000100000000)
  eden space 189952K, 100% used [0x00000000e0000000,0x00000000eb980000,0x00000000eb980000)
  from space 161280K, 3% used [0x00000000f5200000,0x00000000f56f85e0,0x00000000fef80000)
  to   space 156160K, 0% used [0x00000000eb980000,0x00000000eb980000,0x00000000f5200000)
 ParOldGen       total 688640K, used 619619K [0x00000000a0000000, 0x00000000ca080000, 0x00000000e0000000)
  object space 688640K, 89% used [0x00000000a0000000,0x00000000c5d18ee8,0x00000000ca080000)
 Metaspace       used 197247K, capacity 205648K, committed 205912K, reserved 1228800K
  class space    used 24217K, capacity 25869K, committed 25984K, reserved 1048576K
Event: 9297.152 GC heap after
Heap after GC invocations=92 (full 9):
 PSYoungGen      total 346112K, used 18913K [0x00000000e0000000, 0x00000000fec00000, 0x0000000100000000)
  eden space 189952K, 0% used [0x00000000e0000000,0x00000000e0000000,0x00000000eb980000)
  from space 156160K, 12% used [0x00000000eb980000,0x00000000ecbf87a0,0x00000000f5200000)
  to   space 148480K, 0% used [0x00000000f5b00000,0x00000000f5b00000,0x00000000fec00000)
 ParOldGen       total 688640K, used 624092K [0x00000000a0000000, 0x00000000ca080000, 0x00000000e0000000)
  object space 688640K, 90% used [0x00000000a0000000,0x00000000c61772a0,0x00000000ca080000)
 Metaspace       used 197247K, capacity 205648K, committed 205912K, reserved 1228800K
  class space    used 24217K, capacity 25869K, committed 25984K, reserved 1048576K
}
Event: 9298.116 GC heap before
{Heap before GC invocations=93 (full 9):
 PSYoungGen      total 346112K, used 208865K [0x00000000e0000000, 0x00000000fec00000, 0x0000000100000000)
  eden space 189952K, 100% used [0x00000000e0000000,0x00000000eb980000,0x00000000eb980000)
  from space 156160K, 12% used [0x00000000eb980000,0x00000000ecbf87a0,0x00000000f5200000)
  to   space 148480K, 0% used [0x00000000f5b00000,0x00000000f5b00000,0x00000000fec00000)
 ParOldGen       total 688640K, used 624092K [0x00000000a0000000, 0x00000000ca080000, 0x00000000e0000000)
  object space 688640K, 90% used [0x00000000a0000000,0x00000000c61772a0,0x00000000ca080000)
 Metaspace       used 197254K, capacity 205648K, committed 205912K, reserved 1228800K
  class space    used 24218K, capacity 25869K, committed 25984K, reserved 1048576K
Event: 9298.871 GC heap after
Heap after GC invocations=93 (full 9):
 PSYoungGen      total 358912K, used 4039K [0x00000000e0000000, 0x00000000fea80000, 0x0000000100000000)
  eden space 211968K, 0% used [0x00000000e0000000,0x00000000e0000000,0x00000000ecf00000)
  from space 146944K, 2% used [0x00000000f5b00000,0x00000000f5ef1d10,0x00000000fea80000)
  to   space 143360K, 0% used [0x00000000ecf00000,0x00000000ecf00000,0x00000000f5b00000)
 ParOldGen       total 688640K, used 641192K [0x00000000a0000000, 0x00000000ca080000, 0x00000000e0000000)
  object space 688640K, 93% used [0x00000000a0000000,0x00000000c722a148,0x00000000ca080000)
 Metaspace       used 197254K, capacity 205648K, committed 205912K, reserved 1228800K
  class space    used 24218K, capacity 25869K, committed 25984K, reserved 1048576K
}
Event: 9300.155 GC heap before
{Heap before GC invocations=94 (full 9):
 PSYoungGen      total 358912K, used 216007K [0x00000000e0000000, 0x00000000fea80000, 0x0000000100000000)
  eden space 211968K, 100% used [0x00000000e0000000,0x00000000ecf00000,0x00000000ecf00000)
  from space 146944K, 2% used [0x00000000f5b00000,0x00000000f5ef1d10,0x00000000fea80000)
  to   space 143360K, 0% used [0x00000000ecf00000,0x00000000ecf00000,0x00000000f5b00000)
 ParOldGen       total 688640K, used 641192K [0x00000000a0000000, 0x00000000ca080000, 0x00000000e0000000)
  object space 688640K, 93% used [0x00000000a0000000,0x00000000c722a148,0x00000000ca080000)
 Metaspace       used 197259K, capacity 205660K, committed 205912K, reserved 1228800K
  class space    used 24219K, capacity 25871K, committed 25984K, reserved 1048576K
Event: 9300.188 GC heap after
Heap after GC invocations=94 (full 9):
 PSYoungGen      total 355328K, used 23110K [0x00000000e0000000, 0x00000000feb80000, 0x0000000100000000)
  eden space 211968K, 0% used [0x00000000e0000000,0x00000000e0000000,0x00000000ecf00000)
  from space 143360K, 16% used [0x00000000ecf00000,0x00000000ee591988,0x00000000f5b00000)
  to   space 134656K, 0% used [0x00000000f6800000,0x00000000f6800000,0x00000000feb80000)
 ParOldGen       total 688640K, used 644187K [0x00000000a0000000, 0x00000000ca080000, 0x00000000e0000000)
  object space 688640K, 93% used [0x00000000a0000000,0x00000000c7516ef8,0x00000000ca080000)
 Metaspace       used 197259K, capacity 205660K, committed 205912K, reserved 1228800K
  class space    used 24219K, capacity 25871K, committed 25984K, reserved 1048576K
}
Event: 9302.199 GC heap before
{Heap before GC invocations=95 (full 9):
 PSYoungGen      total 355328K, used 235078K [0x00000000e0000000, 0x00000000feb80000, 0x0000000100000000)
  eden space 211968K, 100% used [0x00000000e0000000,0x00000000ecf00000,0x00000000ecf00000)
  from space 143360K, 16% used [0x00000000ecf00000,0x00000000ee591988,0x00000000f5b00000)
  to   space 134656K, 0% used [0x00000000f6800000,0x00000000f6800000,0x00000000feb80000)
 ParOldGen       total 688640K, used 644187K [0x00000000a0000000, 0x00000000ca080000, 0x00000000e0000000)
  object space 688640K, 93% used [0x00000000a0000000,0x00000000c7516f10,0x00000000ca080000)
 Metaspace       used 197262K, capacity 205660K, committed 205912K, reserved 1228800K
  class space    used 24219K, capacity 25871K, committed 25984K, reserved 1048576K
Event: 9305.130 GC heap after
Heap after GC invocations=95 (full 9):
 PSYoungGen      total 370176K, used 7161K [0x00000000e0000000, 0x00000000fe780000, 0x0000000100000000)
  eden space 239616K, 0% used [0x00000000e0000000,0x00000000e0000000,0x00000000eea00000)
  from space 130560K, 5% used [0x00000000f6800000,0x00000000f6efe570,0x00000000fe780000)
  to   space 129024K, 0% used [0x00000000eea00000,0x00000000eea00000,0x00000000f6800000)
 ParOldGen       total 688640K, used 665577K [0x00000000a0000000, 0x00000000ca080000, 0x00000000e0000000)
  object space 688640K, 96% used [0x00000000a0000000,0x00000000c89fa428,0x00000000ca080000)
 Metaspace       used 197262K, capacity 205660K, committed 205912K, reserved 1228800K
  class space    used 24219K, capacity 25871K, committed 25984K, reserved 1048576K
}
Event: 9305.130 GC heap before
{Heap before GC invocations=96 (full 10):
 PSYoungGen      total 370176K, used 7161K [0x00000000e0000000, 0x00000000fe780000, 0x0000000100000000)
  eden space 239616K, 0% used [0x00000000e0000000,0x00000000e0000000,0x00000000eea00000)
  from space 130560K, 5% used [0x00000000f6800000,0x00000000f6efe570,0x00000000fe780000)
  to   space 129024K, 0% used [0x00000000eea00000,0x00000000eea00000,0x00000000f6800000)
 ParOldGen       total 688640K, used 665577K [0x00000000a0000000, 0x00000000ca080000, 0x00000000e0000000)
  object space 688640K, 96% used [0x00000000a0000000,0x00000000c89fa428,0x00000000ca080000)
 Metaspace       used 197262K, capacity 205660K, committed 205912K, reserved 1228800K
  class space    used 24219K, capacity 25871K, committed 25984K, reserved 1048576K

